  DG_Tutorial_NewtonGL.cpp
  OXVehicleRayCast.cpp
  Génération de code en cours...
glfw3.lib(context.obj) : warning LNK4099: PDB 'glfw.pdb' n'a pu Ûtre trouvÚ avec 'glfw3.lib(context.obj)' ou sur 'C:\Users\pierre.lemerle\Documents\GitHub\shaked_walker\DG_Tutorial_Newton\glfw.pdb'á; l'objet sera liÚ sans informations de dÚbogage
glfw3.lib(init.obj) : warning LNK4099: PDB 'glfw.pdb' n'a pu Ûtre trouvÚ avec 'glfw3.lib(init.obj)' ou sur 'C:\Users\pierre.lemerle\Documents\GitHub\shaked_walker\DG_Tutorial_Newton\glfw.pdb'á; l'objet sera liÚ sans informations de dÚbogage
glfw3.lib(input.obj) : warning LNK4099: PDB 'glfw.pdb' n'a pu Ûtre trouvÚ avec 'glfw3.lib(input.obj)' ou sur 'C:\Users\pierre.lemerle\Documents\GitHub\shaked_walker\DG_Tutorial_Newton\glfw.pdb'á; l'objet sera liÚ sans informations de dÚbogage
glfw3.lib(monitor.obj) : warning LNK4099: PDB 'glfw.pdb' n'a pu Ûtre trouvÚ avec 'glfw3.lib(monitor.obj)' ou sur 'C:\Users\pierre.lemerle\Documents\GitHub\shaked_walker\DG_Tutorial_Newton\glfw.pdb'á; l'objet sera liÚ sans informations de dÚbogage
glfw3.lib(vulkan.obj) : warning LNK4099: PDB 'glfw.pdb' n'a pu Ûtre trouvÚ avec 'glfw3.lib(vulkan.obj)' ou sur 'C:\Users\pierre.lemerle\Documents\GitHub\shaked_walker\DG_Tutorial_Newton\glfw.pdb'á; l'objet sera liÚ sans informations de dÚbogage
glfw3.lib(window.obj) : warning LNK4099: PDB 'glfw.pdb' n'a pu Ûtre trouvÚ avec 'glfw3.lib(window.obj)' ou sur 'C:\Users\pierre.lemerle\Documents\GitHub\shaked_walker\DG_Tutorial_Newton\glfw.pdb'á; l'objet sera liÚ sans informations de dÚbogage
glfw3.lib(win32_init.obj) : warning LNK4099: PDB 'glfw.pdb' n'a pu Ûtre trouvÚ avec 'glfw3.lib(win32_init.obj)' ou sur 'C:\Users\pierre.lemerle\Documents\GitHub\shaked_walker\DG_Tutorial_Newton\glfw.pdb'á; l'objet sera liÚ sans informations de dÚbogage
glfw3.lib(win32_joystick.obj) : warning LNK4099: PDB 'glfw.pdb' n'a pu Ûtre trouvÚ avec 'glfw3.lib(win32_joystick.obj)' ou sur 'C:\Users\pierre.lemerle\Documents\GitHub\shaked_walker\DG_Tutorial_Newton\glfw.pdb'á; l'objet sera liÚ sans informations de dÚbogage
glfw3.lib(win32_monitor.obj) : warning LNK4099: PDB 'glfw.pdb' n'a pu Ûtre trouvÚ avec 'glfw3.lib(win32_monitor.obj)' ou sur 'C:\Users\pierre.lemerle\Documents\GitHub\shaked_walker\DG_Tutorial_Newton\glfw.pdb'á; l'objet sera liÚ sans informations de dÚbogage
glfw3.lib(win32_time.obj) : warning LNK4099: PDB 'glfw.pdb' n'a pu Ûtre trouvÚ avec 'glfw3.lib(win32_time.obj)' ou sur 'C:\Users\pierre.lemerle\Documents\GitHub\shaked_walker\DG_Tutorial_Newton\glfw.pdb'á; l'objet sera liÚ sans informations de dÚbogage
glfw3.lib(win32_thread.obj) : warning LNK4099: PDB 'glfw.pdb' n'a pu Ûtre trouvÚ avec 'glfw3.lib(win32_thread.obj)' ou sur 'C:\Users\pierre.lemerle\Documents\GitHub\shaked_walker\DG_Tutorial_Newton\glfw.pdb'á; l'objet sera liÚ sans informations de dÚbogage
glfw3.lib(win32_window.obj) : warning LNK4099: PDB 'glfw.pdb' n'a pu Ûtre trouvÚ avec 'glfw3.lib(win32_window.obj)' ou sur 'C:\Users\pierre.lemerle\Documents\GitHub\shaked_walker\DG_Tutorial_Newton\glfw.pdb'á; l'objet sera liÚ sans informations de dÚbogage
glfw3.lib(wgl_context.obj) : warning LNK4099: PDB 'glfw.pdb' n'a pu Ûtre trouvÚ avec 'glfw3.lib(wgl_context.obj)' ou sur 'C:\Users\pierre.lemerle\Documents\GitHub\shaked_walker\DG_Tutorial_Newton\glfw.pdb'á; l'objet sera liÚ sans informations de dÚbogage
glfw3.lib(egl_context.obj) : warning LNK4099: PDB 'glfw.pdb' n'a pu Ûtre trouvÚ avec 'glfw3.lib(egl_context.obj)' ou sur 'C:\Users\pierre.lemerle\Documents\GitHub\shaked_walker\DG_Tutorial_Newton\glfw.pdb'á; l'objet sera liÚ sans informations de dÚbogage
glfw3.lib(osmesa_context.obj) : warning LNK4099: PDB 'glfw.pdb' n'a pu Ûtre trouvÚ avec 'glfw3.lib(osmesa_context.obj)' ou sur 'C:\Users\pierre.lemerle\Documents\GitHub\shaked_walker\DG_Tutorial_Newton\glfw.pdb'á; l'objet sera liÚ sans informations de dÚbogage
glew32sd.lib(glew.obj) : warning LNK4099: PDB 'glew_static.pdb' n'a pu Ûtre trouvÚ avec 'glew32sd.lib(glew.obj)' ou sur 'C:\Users\pierre.lemerle\Documents\GitHub\shaked_walker\DG_Tutorial_Newton\glew_static.pdb'á; l'objet sera liÚ sans informations de dÚbogage
  DG_Tutorial_NewtonGL.vcxproj -> C:\Users\pierre.lemerle\Documents\GitHub\shaked_walker\DG_Tutorial_Newton\DG_Tutorial_NewtonGL_d.exe
